<?xml version="1.0" encoding="UTF-8"?>
<!-- Generated by org.testng.reporters.JUnitReportReporter -->
<testsuite hostname="DESKTOP-OTRCDPA" failures="0" tests="1" name="ProtrainingTech.AutomationTechTrainingProgram.NewTestEngine" time="0.006" errors="0" timestamp="2022-05-15T15:50:56 EDT" skipped="0">
  <testcase classname="ProtrainingTech.AutomationTechTrainingProgram.NewTestEngine" name="f" time="0.006"/>
  <system-out/>
</testsuite> <!-- ProtrainingTech.AutomationTechTrainingProgram.NewTestEngine -->
